4.3s 1 0.00s - Debugger warning: It seems that frozen modules are being used, which may
4.3s 2 0.00s - make the debugger miss breakpoints. Please pass -Xfrozen_modules=off
4.3s 3 0.00s - to python to disable frozen modules.
4.3s 4 0.00s - Note: Debugging will proceed. Set PYDEVD_DISABLE_FILE_VALIDATION=1 to disable this validation.
5.3s 5 0.00s - Debugger warning: It seems that frozen modules are being used, which may
5.3s 6 0.00s - make the debugger miss breakpoints. Please pass -Xfrozen_modules=off
5.3s 7 0.00s - to python to disable frozen modules.
5.3s 8 0.00s - Note: Debugging will proceed. Set PYDEVD_DISABLE_FILE_VALIDATION=1 to disable this validation.
80.5s 9 Fitting 5 folds for each of 32 candidates, totalling 160 fits
28310.3s 10 {'activation': 'relu', 'alpha': 0.01, 'hidden_layer_sizes': (1024, 512, 256, 128), 'learning_rate_init': 0.01, 'max_iter': 300, 'solver': 'sgd'}
28310.3s 11 0.5031749999999999
28311.3s 12 Abbiamo ottenuto un Accuracy del 0.5149
28316.7s 13 /usr/local/lib/python3.11/dist-packages/traitlets/traitlets.py:2915: FutureWarning: --Exporter.preprocessors=["remove_papermill_header.RemovePapermillHeader"] for containers is deprecated in traitlets 5.0. You can pass `--Exporter.preprocessors item` ... multiple times to add items to a list.
28316.7s 14 warn(
28316.7s 15 [NbConvertApp] Converting notebook __notebook__.ipynb to notebook
28317.1s 16 [NbConvertApp] Writing 42601 bytes to __notebook__.ipynb
28318.8s 17 /usr/local/lib/python3.11/dist-packages/traitlets/traitlets.py:2915: FutureWarning: --Exporter.preprocessors=["nbconvert.preprocessors.ExtractOutputPreprocessor"] for containers is deprecated in traitlets 5.0. You can pass `--Exporter.preprocessors item` ... multiple times to add items to a list.
28318.8s 18 warn(
28318.8s 19 [NbConvertApp] Converting notebook __notebook__.ipynb to html
28319.8s 20 [NbConvertApp] Support files will be in __results___files/
28319.8s 21 [NbConvertApp] Making directory __results___files
28319.8s 22 [NbConvertApp] Making directory __results___files
28319.8s 23 [NbConvertApp] Writing 324756 bytes to __results__.html